<?xml version="1.0" encoding="UTF-8"?>
<testng-results ignored="0" total="1" passed="1" failed="0" skipped="0">
  <reporter-output>
  </reporter-output>
  <suite started-at="2024-09-03T11:26:03 IST" name="Default suite" finished-at="2024-09-03T11:27:00 IST" duration-ms="56633">
    <groups>
    </groups>
    <test started-at="2024-09-03T11:26:03 IST" name="Default test" finished-at="2024-09-03T11:27:00 IST" duration-ms="56633">
      <class name="Safearth_CommonFiles.SolarFlow_Project">
        <test-method is-config="true" signature="setUp()[pri:0, instance:Safearth_CommonFiles.SolarFlow_Project@6aeb35e6]" started-at="2024-09-03T11:26:03 IST" name="setUp" finished-at="2024-09-03T11:26:14 IST" duration-ms="10813" status="PASS">
          <reporter-output>
          </reporter-output>
        </test-method> <!-- setUp -->
        <test-method signature="ProjectCreation()[pri:0, instance:Safearth_CommonFiles.SolarFlow_Project@6aeb35e6]" started-at="2024-09-03T11:26:14 IST" name="ProjectCreation" finished-at="2024-09-03T11:26:58 IST" duration-ms="44509" status="PASS">
          <reporter-output>
          </reporter-output>
        </test-method> <!-- ProjectCreation -->
        <test-method is-config="true" signature="tesrDown()[pri:0, instance:Safearth_CommonFiles.SolarFlow_Project@6aeb35e6]" started-at="2024-09-03T11:26:58 IST" name="tesrDown" finished-at="2024-09-03T11:27:00 IST" duration-ms="1185" status="PASS">
          <reporter-output>
          </reporter-output>
        </test-method> <!-- tesrDown -->
      </class> <!-- Safearth_CommonFiles.SolarFlow_Project -->
    </test> <!-- Default test -->
  </suite> <!-- Default suite -->
</testng-results>
